{
    "0": {
        "test_file": "/home/yang/master-course/24-1/cs453-automated-software-testing/team-project/WALLY/examples/maxify/tests/test_factorial.py",
        "type": [
            "pytest"
        ],
        "test function": "test_factorial_zero",
        "test result": "P",
        "coverage": {
            "meta": {
                "format": 2,
                "version": "7.4.4",
                "timestamp": "2024-05-29T21:50:45.106661",
                "branch_coverage": false,
                "show_contexts": false
            },
            "files": {
                "/home/yang/master-course/24-1/cs453-automated-software-testing/team-project/WALLY/examples/maxify/maxify/__init__.py": {
                    "executed_lines": [
                        1
                    ],
                    "summary": {
                        "covered_lines": 0,
                        "num_statements": 0,
                        "percent_covered": 100.0,
                        "percent_covered_display": "100",
                        "missing_lines": 0,
                        "excluded_lines": 0
                    },
                    "missing_lines": [],
                    "excluded_lines": []
                },
                "/home/yang/master-course/24-1/cs453-automated-software-testing/team-project/WALLY/examples/maxify/maxify/factorial.py": {
                    "executed_lines": [
                        1,
                        2,
                        3
                    ],
                    "summary": {
                        "covered_lines": 3,
                        "num_statements": 7,
                        "percent_covered": 42.857142857142854,
                        "percent_covered_display": "43",
                        "missing_lines": 4,
                        "excluded_lines": 0
                    },
                    "missing_lines": [
                        4,
                        5,
                        6,
                        7
                    ],
                    "excluded_lines": []
                },
                "/home/yang/master-course/24-1/cs453-automated-software-testing/team-project/WALLY/examples/maxify/maxify/maxify.py": {
                    "executed_lines": [],
                    "summary": {
                        "covered_lines": 0,
                        "num_statements": 8,
                        "percent_covered": 0.0,
                        "percent_covered_display": "0",
                        "missing_lines": 8,
                        "excluded_lines": 0
                    },
                    "missing_lines": [
                        1,
                        2,
                        3,
                        4,
                        5,
                        6,
                        7,
                        8
                    ],
                    "excluded_lines": []
                }
            },
            "totals": {
                "covered_lines": 3,
                "num_statements": 15,
                "percent_covered": 20.0,
                "percent_covered_display": "20",
                "missing_lines": 12,
                "excluded_lines": 0
            }
        }
    },
    "1": {
        "test_file": "/home/yang/master-course/24-1/cs453-automated-software-testing/team-project/WALLY/examples/maxify/tests/test_factorial.py",
        "type": [
            "pytest"
        ],
        "test function": "test_factorial_one",
        "test result": "F",
        "coverage": {
            "meta": {
                "format": 2,
                "version": "7.4.4",
                "timestamp": "2024-05-29T21:50:46.059564",
                "branch_coverage": false,
                "show_contexts": false
            },
            "files": {
                "/home/yang/master-course/24-1/cs453-automated-software-testing/team-project/WALLY/examples/maxify/maxify/__init__.py": {
                    "executed_lines": [
                        1
                    ],
                    "summary": {
                        "covered_lines": 0,
                        "num_statements": 0,
                        "percent_covered": 100.0,
                        "percent_covered_display": "100",
                        "missing_lines": 0,
                        "excluded_lines": 0
                    },
                    "missing_lines": [],
                    "excluded_lines": []
                },
                "/home/yang/master-course/24-1/cs453-automated-software-testing/team-project/WALLY/examples/maxify/maxify/factorial.py": {
                    "executed_lines": [
                        1,
                        2,
                        4,
                        5,
                        6,
                        7
                    ],
                    "summary": {
                        "covered_lines": 6,
                        "num_statements": 7,
                        "percent_covered": 85.71428571428571,
                        "percent_covered_display": "86",
                        "missing_lines": 1,
                        "excluded_lines": 0
                    },
                    "missing_lines": [
                        3
                    ],
                    "excluded_lines": []
                },
                "/home/yang/master-course/24-1/cs453-automated-software-testing/team-project/WALLY/examples/maxify/maxify/maxify.py": {
                    "executed_lines": [],
                    "summary": {
                        "covered_lines": 0,
                        "num_statements": 8,
                        "percent_covered": 0.0,
                        "percent_covered_display": "0",
                        "missing_lines": 8,
                        "excluded_lines": 0
                    },
                    "missing_lines": [
                        1,
                        2,
                        3,
                        4,
                        5,
                        6,
                        7,
                        8
                    ],
                    "excluded_lines": []
                }
            },
            "totals": {
                "covered_lines": 6,
                "num_statements": 15,
                "percent_covered": 40.0,
                "percent_covered_display": "40",
                "missing_lines": 9,
                "excluded_lines": 0
            }
        }
    },
    "2": {
        "test_file": "/home/yang/master-course/24-1/cs453-automated-software-testing/team-project/WALLY/examples/maxify/tests/test_factorial.py",
        "type": [
            "pytest"
        ],
        "test function": "test_factorial_five",
        "test result": "F",
        "coverage": {
            "meta": {
                "format": 2,
                "version": "7.4.4",
                "timestamp": "2024-05-29T21:50:46.634932",
                "branch_coverage": false,
                "show_contexts": false
            },
            "files": {
                "/home/yang/master-course/24-1/cs453-automated-software-testing/team-project/WALLY/examples/maxify/maxify/__init__.py": {
                    "executed_lines": [
                        1
                    ],
                    "summary": {
                        "covered_lines": 0,
                        "num_statements": 0,
                        "percent_covered": 100.0,
                        "percent_covered_display": "100",
                        "missing_lines": 0,
                        "excluded_lines": 0
                    },
                    "missing_lines": [],
                    "excluded_lines": []
                },
                "/home/yang/master-course/24-1/cs453-automated-software-testing/team-project/WALLY/examples/maxify/maxify/factorial.py": {
                    "executed_lines": [
                        1,
                        2,
                        4,
                        5,
                        6,
                        7
                    ],
                    "summary": {
                        "covered_lines": 6,
                        "num_statements": 7,
                        "percent_covered": 85.71428571428571,
                        "percent_covered_display": "86",
                        "missing_lines": 1,
                        "excluded_lines": 0
                    },
                    "missing_lines": [
                        3
                    ],
                    "excluded_lines": []
                },
                "/home/yang/master-course/24-1/cs453-automated-software-testing/team-project/WALLY/examples/maxify/maxify/maxify.py": {
                    "executed_lines": [],
                    "summary": {
                        "covered_lines": 0,
                        "num_statements": 8,
                        "percent_covered": 0.0,
                        "percent_covered_display": "0",
                        "missing_lines": 8,
                        "excluded_lines": 0
                    },
                    "missing_lines": [
                        1,
                        2,
                        3,
                        4,
                        5,
                        6,
                        7,
                        8
                    ],
                    "excluded_lines": []
                }
            },
            "totals": {
                "covered_lines": 6,
                "num_statements": 15,
                "percent_covered": 40.0,
                "percent_covered_display": "40",
                "missing_lines": 9,
                "excluded_lines": 0
            }
        }
    },
    "3": {
        "test_file": "/home/yang/master-course/24-1/cs453-automated-software-testing/team-project/WALLY/examples/maxify/tests/test_factorial.py",
        "type": [
            "pytest"
        ],
        "test function": "test_factorial_ten",
        "test result": "F",
        "coverage": {
            "meta": {
                "format": 2,
                "version": "7.4.4",
                "timestamp": "2024-05-29T21:50:47.410431",
                "branch_coverage": false,
                "show_contexts": false
            },
            "files": {
                "/home/yang/master-course/24-1/cs453-automated-software-testing/team-project/WALLY/examples/maxify/maxify/__init__.py": {
                    "executed_lines": [
                        1
                    ],
                    "summary": {
                        "covered_lines": 0,
                        "num_statements": 0,
                        "percent_covered": 100.0,
                        "percent_covered_display": "100",
                        "missing_lines": 0,
                        "excluded_lines": 0
                    },
                    "missing_lines": [],
                    "excluded_lines": []
                },
                "/home/yang/master-course/24-1/cs453-automated-software-testing/team-project/WALLY/examples/maxify/maxify/factorial.py": {
                    "executed_lines": [
                        1,
                        2,
                        4,
                        5,
                        6,
                        7
                    ],
                    "summary": {
                        "covered_lines": 6,
                        "num_statements": 7,
                        "percent_covered": 85.71428571428571,
                        "percent_covered_display": "86",
                        "missing_lines": 1,
                        "excluded_lines": 0
                    },
                    "missing_lines": [
                        3
                    ],
                    "excluded_lines": []
                },
                "/home/yang/master-course/24-1/cs453-automated-software-testing/team-project/WALLY/examples/maxify/maxify/maxify.py": {
                    "executed_lines": [],
                    "summary": {
                        "covered_lines": 0,
                        "num_statements": 8,
                        "percent_covered": 0.0,
                        "percent_covered_display": "0",
                        "missing_lines": 8,
                        "excluded_lines": 0
                    },
                    "missing_lines": [
                        1,
                        2,
                        3,
                        4,
                        5,
                        6,
                        7,
                        8
                    ],
                    "excluded_lines": []
                }
            },
            "totals": {
                "covered_lines": 6,
                "num_statements": 15,
                "percent_covered": 40.0,
                "percent_covered_display": "40",
                "missing_lines": 9,
                "excluded_lines": 0
            }
        }
    },
    "4": {
        "test_file": "/home/yang/master-course/24-1/cs453-automated-software-testing/team-project/WALLY/examples/maxify/tests/test_maxify.py",
        "type": [
            "pytest"
        ],
        "test function": "test_maxify_01",
        "test result": "F",
        "coverage": {
            "meta": {
                "format": 2,
                "version": "7.4.4",
                "timestamp": "2024-05-29T21:50:48.368532",
                "branch_coverage": false,
                "show_contexts": false
            },
            "files": {
                "/home/yang/master-course/24-1/cs453-automated-software-testing/team-project/WALLY/examples/maxify/maxify/__init__.py": {
                    "executed_lines": [
                        1
                    ],
                    "summary": {
                        "covered_lines": 0,
                        "num_statements": 0,
                        "percent_covered": 100.0,
                        "percent_covered_display": "100",
                        "missing_lines": 0,
                        "excluded_lines": 0
                    },
                    "missing_lines": [],
                    "excluded_lines": []
                },
                "/home/yang/master-course/24-1/cs453-automated-software-testing/team-project/WALLY/examples/maxify/maxify/factorial.py": {
                    "executed_lines": [],
                    "summary": {
                        "covered_lines": 0,
                        "num_statements": 7,
                        "percent_covered": 0.0,
                        "percent_covered_display": "0",
                        "missing_lines": 7,
                        "excluded_lines": 0
                    },
                    "missing_lines": [
                        1,
                        2,
                        3,
                        4,
                        5,
                        6,
                        7
                    ],
                    "excluded_lines": []
                },
                "/home/yang/master-course/24-1/cs453-automated-software-testing/team-project/WALLY/examples/maxify/maxify/maxify.py": {
                    "executed_lines": [
                        1,
                        2,
                        4,
                        5,
                        6,
                        8
                    ],
                    "summary": {
                        "covered_lines": 6,
                        "num_statements": 8,
                        "percent_covered": 75.0,
                        "percent_covered_display": "75",
                        "missing_lines": 2,
                        "excluded_lines": 0
                    },
                    "missing_lines": [
                        3,
                        7
                    ],
                    "excluded_lines": []
                }
            },
            "totals": {
                "covered_lines": 6,
                "num_statements": 15,
                "percent_covered": 40.0,
                "percent_covered_display": "40",
                "missing_lines": 9,
                "excluded_lines": 0
            }
        }
    },
    "5": {
        "test_file": "/home/yang/master-course/24-1/cs453-automated-software-testing/team-project/WALLY/examples/maxify/tests/test_maxify.py",
        "type": [
            "pytest"
        ],
        "test function": "test_maxify_02",
        "test result": "F",
        "coverage": {
            "meta": {
                "format": 2,
                "version": "7.4.4",
                "timestamp": "2024-05-29T21:50:49.592195",
                "branch_coverage": false,
                "show_contexts": false
            },
            "files": {
                "/home/yang/master-course/24-1/cs453-automated-software-testing/team-project/WALLY/examples/maxify/maxify/__init__.py": {
                    "executed_lines": [
                        1
                    ],
                    "summary": {
                        "covered_lines": 0,
                        "num_statements": 0,
                        "percent_covered": 100.0,
                        "percent_covered_display": "100",
                        "missing_lines": 0,
                        "excluded_lines": 0
                    },
                    "missing_lines": [],
                    "excluded_lines": []
                },
                "/home/yang/master-course/24-1/cs453-automated-software-testing/team-project/WALLY/examples/maxify/maxify/factorial.py": {
                    "executed_lines": [],
                    "summary": {
                        "covered_lines": 0,
                        "num_statements": 7,
                        "percent_covered": 0.0,
                        "percent_covered_display": "0",
                        "missing_lines": 7,
                        "excluded_lines": 0
                    },
                    "missing_lines": [
                        1,
                        2,
                        3,
                        4,
                        5,
                        6,
                        7
                    ],
                    "excluded_lines": []
                },
                "/home/yang/master-course/24-1/cs453-automated-software-testing/team-project/WALLY/examples/maxify/maxify/maxify.py": {
                    "executed_lines": [
                        1,
                        2,
                        4,
                        5,
                        6,
                        7,
                        8
                    ],
                    "summary": {
                        "covered_lines": 7,
                        "num_statements": 8,
                        "percent_covered": 87.5,
                        "percent_covered_display": "88",
                        "missing_lines": 1,
                        "excluded_lines": 0
                    },
                    "missing_lines": [
                        3
                    ],
                    "excluded_lines": []
                }
            },
            "totals": {
                "covered_lines": 7,
                "num_statements": 15,
                "percent_covered": 46.666666666666664,
                "percent_covered_display": "47",
                "missing_lines": 8,
                "excluded_lines": 0
            }
        }
    },
    "6": {
        "test_file": "/home/yang/master-course/24-1/cs453-automated-software-testing/team-project/WALLY/examples/maxify/tests/test_maxify.py",
        "type": [
            "pytest"
        ],
        "test function": "test_maxify_03",
        "test result": "P",
        "coverage": {
            "meta": {
                "format": 2,
                "version": "7.4.4",
                "timestamp": "2024-05-29T21:50:50.915089",
                "branch_coverage": false,
                "show_contexts": false
            },
            "files": {
                "/home/yang/master-course/24-1/cs453-automated-software-testing/team-project/WALLY/examples/maxify/maxify/__init__.py": {
                    "executed_lines": [
                        1
                    ],
                    "summary": {
                        "covered_lines": 0,
                        "num_statements": 0,
                        "percent_covered": 100.0,
                        "percent_covered_display": "100",
                        "missing_lines": 0,
                        "excluded_lines": 0
                    },
                    "missing_lines": [],
                    "excluded_lines": []
                },
                "/home/yang/master-course/24-1/cs453-automated-software-testing/team-project/WALLY/examples/maxify/maxify/factorial.py": {
                    "executed_lines": [],
                    "summary": {
                        "covered_lines": 0,
                        "num_statements": 7,
                        "percent_covered": 0.0,
                        "percent_covered_display": "0",
                        "missing_lines": 7,
                        "excluded_lines": 0
                    },
                    "missing_lines": [
                        1,
                        2,
                        3,
                        4,
                        5,
                        6,
                        7
                    ],
                    "excluded_lines": []
                },
                "/home/yang/master-course/24-1/cs453-automated-software-testing/team-project/WALLY/examples/maxify/maxify/maxify.py": {
                    "executed_lines": [
                        1,
                        2,
                        4,
                        5,
                        6,
                        8
                    ],
                    "summary": {
                        "covered_lines": 6,
                        "num_statements": 8,
                        "percent_covered": 75.0,
                        "percent_covered_display": "75",
                        "missing_lines": 2,
                        "excluded_lines": 0
                    },
                    "missing_lines": [
                        3,
                        7
                    ],
                    "excluded_lines": []
                }
            },
            "totals": {
                "covered_lines": 6,
                "num_statements": 15,
                "percent_covered": 40.0,
                "percent_covered_display": "40",
                "missing_lines": 9,
                "excluded_lines": 0
            }
        }
    },
    "7": {
        "test_file": "/home/yang/master-course/24-1/cs453-automated-software-testing/team-project/WALLY/examples/maxify/tests/test_maxify.py",
        "type": [
            "pytest"
        ],
        "test function": "test_maxify_04",
        "test result": "P",
        "coverage": {
            "meta": {
                "format": 2,
                "version": "7.4.4",
                "timestamp": "2024-05-29T21:50:52.141698",
                "branch_coverage": false,
                "show_contexts": false
            },
            "files": {
                "/home/yang/master-course/24-1/cs453-automated-software-testing/team-project/WALLY/examples/maxify/maxify/__init__.py": {
                    "executed_lines": [
                        1
                    ],
                    "summary": {
                        "covered_lines": 0,
                        "num_statements": 0,
                        "percent_covered": 100.0,
                        "percent_covered_display": "100",
                        "missing_lines": 0,
                        "excluded_lines": 0
                    },
                    "missing_lines": [],
                    "excluded_lines": []
                },
                "/home/yang/master-course/24-1/cs453-automated-software-testing/team-project/WALLY/examples/maxify/maxify/factorial.py": {
                    "executed_lines": [],
                    "summary": {
                        "covered_lines": 0,
                        "num_statements": 7,
                        "percent_covered": 0.0,
                        "percent_covered_display": "0",
                        "missing_lines": 7,
                        "excluded_lines": 0
                    },
                    "missing_lines": [
                        1,
                        2,
                        3,
                        4,
                        5,
                        6,
                        7
                    ],
                    "excluded_lines": []
                },
                "/home/yang/master-course/24-1/cs453-automated-software-testing/team-project/WALLY/examples/maxify/maxify/maxify.py": {
                    "executed_lines": [
                        1,
                        2,
                        4,
                        5,
                        6,
                        8
                    ],
                    "summary": {
                        "covered_lines": 6,
                        "num_statements": 8,
                        "percent_covered": 75.0,
                        "percent_covered_display": "75",
                        "missing_lines": 2,
                        "excluded_lines": 0
                    },
                    "missing_lines": [
                        3,
                        7
                    ],
                    "excluded_lines": []
                }
            },
            "totals": {
                "covered_lines": 6,
                "num_statements": 15,
                "percent_covered": 40.0,
                "percent_covered_display": "40",
                "missing_lines": 9,
                "excluded_lines": 0
            }
        }
    },
    "8": {
        "test_file": "/home/yang/master-course/24-1/cs453-automated-software-testing/team-project/WALLY/examples/maxify/tests/test_maxify.py",
        "type": [
            "pytest"
        ],
        "test function": "test_maxify_05",
        "test result": "P",
        "coverage": {
            "meta": {
                "format": 2,
                "version": "7.4.4",
                "timestamp": "2024-05-29T21:50:52.874061",
                "branch_coverage": false,
                "show_contexts": false
            },
            "files": {
                "/home/yang/master-course/24-1/cs453-automated-software-testing/team-project/WALLY/examples/maxify/maxify/__init__.py": {
                    "executed_lines": [
                        1
                    ],
                    "summary": {
                        "covered_lines": 0,
                        "num_statements": 0,
                        "percent_covered": 100.0,
                        "percent_covered_display": "100",
                        "missing_lines": 0,
                        "excluded_lines": 0
                    },
                    "missing_lines": [],
                    "excluded_lines": []
                },
                "/home/yang/master-course/24-1/cs453-automated-software-testing/team-project/WALLY/examples/maxify/maxify/factorial.py": {
                    "executed_lines": [],
                    "summary": {
                        "covered_lines": 0,
                        "num_statements": 7,
                        "percent_covered": 0.0,
                        "percent_covered_display": "0",
                        "missing_lines": 7,
                        "excluded_lines": 0
                    },
                    "missing_lines": [
                        1,
                        2,
                        3,
                        4,
                        5,
                        6,
                        7
                    ],
                    "excluded_lines": []
                },
                "/home/yang/master-course/24-1/cs453-automated-software-testing/team-project/WALLY/examples/maxify/maxify/maxify.py": {
                    "executed_lines": [
                        1,
                        2,
                        4,
                        5,
                        6,
                        8
                    ],
                    "summary": {
                        "covered_lines": 6,
                        "num_statements": 8,
                        "percent_covered": 75.0,
                        "percent_covered_display": "75",
                        "missing_lines": 2,
                        "excluded_lines": 0
                    },
                    "missing_lines": [
                        3,
                        7
                    ],
                    "excluded_lines": []
                }
            },
            "totals": {
                "covered_lines": 6,
                "num_statements": 15,
                "percent_covered": 40.0,
                "percent_covered_display": "40",
                "missing_lines": 9,
                "excluded_lines": 0
            }
        }
    },
    "9": {
        "test_file": "/home/yang/master-course/24-1/cs453-automated-software-testing/team-project/WALLY/examples/maxify/tests/test_maxify.py",
        "type": [
            "pytest"
        ],
        "test function": "test_maxify_06",
        "test result": "F",
        "coverage": {
            "meta": {
                "format": 2,
                "version": "7.4.4",
                "timestamp": "2024-05-29T21:50:53.672206",
                "branch_coverage": false,
                "show_contexts": false
            },
            "files": {
                "/home/yang/master-course/24-1/cs453-automated-software-testing/team-project/WALLY/examples/maxify/maxify/__init__.py": {
                    "executed_lines": [
                        1
                    ],
                    "summary": {
                        "covered_lines": 0,
                        "num_statements": 0,
                        "percent_covered": 100.0,
                        "percent_covered_display": "100",
                        "missing_lines": 0,
                        "excluded_lines": 0
                    },
                    "missing_lines": [],
                    "excluded_lines": []
                },
                "/home/yang/master-course/24-1/cs453-automated-software-testing/team-project/WALLY/examples/maxify/maxify/factorial.py": {
                    "executed_lines": [],
                    "summary": {
                        "covered_lines": 0,
                        "num_statements": 7,
                        "percent_covered": 0.0,
                        "percent_covered_display": "0",
                        "missing_lines": 7,
                        "excluded_lines": 0
                    },
                    "missing_lines": [
                        1,
                        2,
                        3,
                        4,
                        5,
                        6,
                        7
                    ],
                    "excluded_lines": []
                },
                "/home/yang/master-course/24-1/cs453-automated-software-testing/team-project/WALLY/examples/maxify/maxify/maxify.py": {
                    "executed_lines": [
                        1,
                        2,
                        4,
                        5,
                        6,
                        8
                    ],
                    "summary": {
                        "covered_lines": 6,
                        "num_statements": 8,
                        "percent_covered": 75.0,
                        "percent_covered_display": "75",
                        "missing_lines": 2,
                        "excluded_lines": 0
                    },
                    "missing_lines": [
                        3,
                        7
                    ],
                    "excluded_lines": []
                }
            },
            "totals": {
                "covered_lines": 6,
                "num_statements": 15,
                "percent_covered": 40.0,
                "percent_covered_display": "40",
                "missing_lines": 9,
                "excluded_lines": 0
            }
        }
    },
    "10": {
        "test_file": "/home/yang/master-course/24-1/cs453-automated-software-testing/team-project/WALLY/examples/maxify/tests/test_maxify.py",
        "type": [
            "pytest"
        ],
        "test function": "test_maxify_07",
        "test result": "F",
        "coverage": {
            "meta": {
                "format": 2,
                "version": "7.4.4",
                "timestamp": "2024-05-29T21:50:54.659991",
                "branch_coverage": false,
                "show_contexts": false
            },
            "files": {
                "/home/yang/master-course/24-1/cs453-automated-software-testing/team-project/WALLY/examples/maxify/maxify/__init__.py": {
                    "executed_lines": [
                        1
                    ],
                    "summary": {
                        "covered_lines": 0,
                        "num_statements": 0,
                        "percent_covered": 100.0,
                        "percent_covered_display": "100",
                        "missing_lines": 0,
                        "excluded_lines": 0
                    },
                    "missing_lines": [],
                    "excluded_lines": []
                },
                "/home/yang/master-course/24-1/cs453-automated-software-testing/team-project/WALLY/examples/maxify/maxify/factorial.py": {
                    "executed_lines": [],
                    "summary": {
                        "covered_lines": 0,
                        "num_statements": 7,
                        "percent_covered": 0.0,
                        "percent_covered_display": "0",
                        "missing_lines": 7,
                        "excluded_lines": 0
                    },
                    "missing_lines": [
                        1,
                        2,
                        3,
                        4,
                        5,
                        6,
                        7
                    ],
                    "excluded_lines": []
                },
                "/home/yang/master-course/24-1/cs453-automated-software-testing/team-project/WALLY/examples/maxify/maxify/maxify.py": {
                    "executed_lines": [
                        1,
                        2,
                        4,
                        5,
                        6,
                        7,
                        8
                    ],
                    "summary": {
                        "covered_lines": 7,
                        "num_statements": 8,
                        "percent_covered": 87.5,
                        "percent_covered_display": "88",
                        "missing_lines": 1,
                        "excluded_lines": 0
                    },
                    "missing_lines": [
                        3
                    ],
                    "excluded_lines": []
                }
            },
            "totals": {
                "covered_lines": 7,
                "num_statements": 15,
                "percent_covered": 46.666666666666664,
                "percent_covered_display": "47",
                "missing_lines": 8,
                "excluded_lines": 0
            }
        }
    },
    "11": {
        "test_file": "/home/yang/master-course/24-1/cs453-automated-software-testing/team-project/WALLY/examples/maxify/tests/test_maxify.py",
        "type": [
            "pytest"
        ],
        "test function": "test_maxify_08",
        "test result": "F",
        "coverage": {
            "meta": {
                "format": 2,
                "version": "7.4.4",
                "timestamp": "2024-05-29T21:50:55.398442",
                "branch_coverage": false,
                "show_contexts": false
            },
            "files": {
                "/home/yang/master-course/24-1/cs453-automated-software-testing/team-project/WALLY/examples/maxify/maxify/__init__.py": {
                    "executed_lines": [
                        1
                    ],
                    "summary": {
                        "covered_lines": 0,
                        "num_statements": 0,
                        "percent_covered": 100.0,
                        "percent_covered_display": "100",
                        "missing_lines": 0,
                        "excluded_lines": 0
                    },
                    "missing_lines": [],
                    "excluded_lines": []
                },
                "/home/yang/master-course/24-1/cs453-automated-software-testing/team-project/WALLY/examples/maxify/maxify/factorial.py": {
                    "executed_lines": [],
                    "summary": {
                        "covered_lines": 0,
                        "num_statements": 7,
                        "percent_covered": 0.0,
                        "percent_covered_display": "0",
                        "missing_lines": 7,
                        "excluded_lines": 0
                    },
                    "missing_lines": [
                        1,
                        2,
                        3,
                        4,
                        5,
                        6,
                        7
                    ],
                    "excluded_lines": []
                },
                "/home/yang/master-course/24-1/cs453-automated-software-testing/team-project/WALLY/examples/maxify/maxify/maxify.py": {
                    "executed_lines": [
                        1,
                        2,
                        4,
                        5,
                        6,
                        7,
                        8
                    ],
                    "summary": {
                        "covered_lines": 7,
                        "num_statements": 8,
                        "percent_covered": 87.5,
                        "percent_covered_display": "88",
                        "missing_lines": 1,
                        "excluded_lines": 0
                    },
                    "missing_lines": [
                        3
                    ],
                    "excluded_lines": []
                }
            },
            "totals": {
                "covered_lines": 7,
                "num_statements": 15,
                "percent_covered": 46.666666666666664,
                "percent_covered_display": "47",
                "missing_lines": 8,
                "excluded_lines": 0
            }
        }
    },
    "12": {
        "test_file": "/home/yang/master-course/24-1/cs453-automated-software-testing/team-project/WALLY/examples/maxify/tests/test_maxify.py",
        "type": [
            "pytest"
        ],
        "test function": "test_maxify_09",
        "test result": "F",
        "coverage": {
            "meta": {
                "format": 2,
                "version": "7.4.4",
                "timestamp": "2024-05-29T21:50:55.780674",
                "branch_coverage": false,
                "show_contexts": false
            },
            "files": {
                "/home/yang/master-course/24-1/cs453-automated-software-testing/team-project/WALLY/examples/maxify/maxify/__init__.py": {
                    "executed_lines": [
                        1
                    ],
                    "summary": {
                        "covered_lines": 0,
                        "num_statements": 0,
                        "percent_covered": 100.0,
                        "percent_covered_display": "100",
                        "missing_lines": 0,
                        "excluded_lines": 0
                    },
                    "missing_lines": [],
                    "excluded_lines": []
                },
                "/home/yang/master-course/24-1/cs453-automated-software-testing/team-project/WALLY/examples/maxify/maxify/factorial.py": {
                    "executed_lines": [],
                    "summary": {
                        "covered_lines": 0,
                        "num_statements": 7,
                        "percent_covered": 0.0,
                        "percent_covered_display": "0",
                        "missing_lines": 7,
                        "excluded_lines": 0
                    },
                    "missing_lines": [
                        1,
                        2,
                        3,
                        4,
                        5,
                        6,
                        7
                    ],
                    "excluded_lines": []
                },
                "/home/yang/master-course/24-1/cs453-automated-software-testing/team-project/WALLY/examples/maxify/maxify/maxify.py": {
                    "executed_lines": [
                        1,
                        2,
                        4,
                        5,
                        6,
                        7,
                        8
                    ],
                    "summary": {
                        "covered_lines": 7,
                        "num_statements": 8,
                        "percent_covered": 87.5,
                        "percent_covered_display": "88",
                        "missing_lines": 1,
                        "excluded_lines": 0
                    },
                    "missing_lines": [
                        3
                    ],
                    "excluded_lines": []
                }
            },
            "totals": {
                "covered_lines": 7,
                "num_statements": 15,
                "percent_covered": 46.666666666666664,
                "percent_covered_display": "47",
                "missing_lines": 8,
                "excluded_lines": 0
            }
        }
    }
}