{
    "0": {
        "test_file": "/home/yang/master-course/24-1/cs453-automated-software-testing/team-project/WALLY/examples/factorial/tests/test_factorial.py",
        "type": [
            "pytest"
        ],
        "test function": "test_factorial_zero",
        "test result": "P",
        "coverage": {
            "meta": {
                "format": 2,
                "version": "7.4.4",
                "timestamp": "2024-05-24T21:20:54.554155",
                "branch_coverage": false,
                "show_contexts": false
            },
            "files": {
                "examples/factorial/factorial/__init__.py": {
                    "executed_lines": [
                        1
                    ],
                    "summary": {
                        "covered_lines": 0,
                        "num_statements": 0,
                        "percent_covered": 100.0,
                        "percent_covered_display": "100",
                        "missing_lines": 0,
                        "excluded_lines": 0
                    },
                    "missing_lines": [],
                    "excluded_lines": []
                },
                "examples/factorial/factorial/factorial.py": {
                    "executed_lines": [
                        1,
                        2,
                        3
                    ],
                    "summary": {
                        "covered_lines": 3,
                        "num_statements": 6,
                        "percent_covered": 50.0,
                        "percent_covered_display": "50",
                        "missing_lines": 3,
                        "excluded_lines": 0
                    },
                    "missing_lines": [
                        4,
                        5,
                        6
                    ],
                    "excluded_lines": []
                }
            },
            "totals": {
                "covered_lines": 3,
                "num_statements": 6,
                "percent_covered": 50.0,
                "percent_covered_display": "50",
                "missing_lines": 3,
                "excluded_lines": 0
            }
        }
    },
    "1": {
        "test_file": "/home/yang/master-course/24-1/cs453-automated-software-testing/team-project/WALLY/examples/factorial/tests/test_factorial.py",
        "type": [
            "pytest"
        ],
        "test function": "test_factorial_one",
        "test result": "F",
        "coverage": {
            "meta": {
                "format": 2,
                "version": "7.4.4",
                "timestamp": "2024-05-24T21:20:54.926249",
                "branch_coverage": false,
                "show_contexts": false
            },
            "files": {
                "examples/factorial/factorial/__init__.py": {
                    "executed_lines": [
                        1
                    ],
                    "summary": {
                        "covered_lines": 0,
                        "num_statements": 0,
                        "percent_covered": 100.0,
                        "percent_covered_display": "100",
                        "missing_lines": 0,
                        "excluded_lines": 0
                    },
                    "missing_lines": [],
                    "excluded_lines": []
                },
                "examples/factorial/factorial/factorial.py": {
                    "executed_lines": [
                        1,
                        2,
                        4,
                        5,
                        6
                    ],
                    "summary": {
                        "covered_lines": 5,
                        "num_statements": 6,
                        "percent_covered": 83.33333333333333,
                        "percent_covered_display": "83",
                        "missing_lines": 1,
                        "excluded_lines": 0
                    },
                    "missing_lines": [
                        3
                    ],
                    "excluded_lines": []
                }
            },
            "totals": {
                "covered_lines": 5,
                "num_statements": 6,
                "percent_covered": 83.33333333333333,
                "percent_covered_display": "83",
                "missing_lines": 1,
                "excluded_lines": 0
            }
        }
    },
    "2": {
        "test_file": "/home/yang/master-course/24-1/cs453-automated-software-testing/team-project/WALLY/examples/factorial/tests/test_factorial.py",
        "type": [
            "pytest"
        ],
        "test function": "test_factorial_five",
        "test result": "F",
        "coverage": {
            "meta": {
                "format": 2,
                "version": "7.4.4",
                "timestamp": "2024-05-24T21:20:55.308186",
                "branch_coverage": false,
                "show_contexts": false
            },
            "files": {
                "examples/factorial/factorial/__init__.py": {
                    "executed_lines": [
                        1
                    ],
                    "summary": {
                        "covered_lines": 0,
                        "num_statements": 0,
                        "percent_covered": 100.0,
                        "percent_covered_display": "100",
                        "missing_lines": 0,
                        "excluded_lines": 0
                    },
                    "missing_lines": [],
                    "excluded_lines": []
                },
                "examples/factorial/factorial/factorial.py": {
                    "executed_lines": [
                        1,
                        2,
                        4,
                        5,
                        6
                    ],
                    "summary": {
                        "covered_lines": 5,
                        "num_statements": 6,
                        "percent_covered": 83.33333333333333,
                        "percent_covered_display": "83",
                        "missing_lines": 1,
                        "excluded_lines": 0
                    },
                    "missing_lines": [
                        3
                    ],
                    "excluded_lines": []
                }
            },
            "totals": {
                "covered_lines": 5,
                "num_statements": 6,
                "percent_covered": 83.33333333333333,
                "percent_covered_display": "83",
                "missing_lines": 1,
                "excluded_lines": 0
            }
        }
    }
}